{"C:\\Users\\Emma\\Desktop\\ProgettoSWE\\jawadruids\\proof_of_concept\\webapp\\vue-js-client-crud\\src\\App.vue": {"path":"C:\\Users\\Emma\\Desktop\\ProgettoSWE\\jawadruids\\proof_of_concept\\webapp\\vue-js-client-crud\\src\\App.vue","statementMap":{"0":{"start":{"line":63,"column":0},"end":{"line":63,"column":null}},"1":{"start":{"line":64,"column":0},"end":{"line":64,"column":null}}},"fnMap":{},"branchMap":{},"s":{"0":1,"1":1},"f":{},"b":{}}
,"C:\\Users\\Emma\\Desktop\\ProgettoSWE\\jawadruids\\proof_of_concept\\webapp\\vue-js-client-crud\\src\\http-common.js": {"path":"C:\\Users\\Emma\\Desktop\\ProgettoSWE\\jawadruids\\proof_of_concept\\webapp\\vue-js-client-crud\\src\\http-common.js","statementMap":{},"fnMap":{},"branchMap":{},"s":{},"f":{},"b":{},"_coverageSchema":"43e27e138ebf9cfc5966b082cf9a028302ed4184","hash":"775a279fe9ea3410d9fee8677d3c8fa0faedd804"}
,"C:\\Users\\Emma\\Desktop\\ProgettoSWE\\jawadruids\\proof_of_concept\\webapp\\vue-js-client-crud\\src\\router.js": {"path":"C:\\Users\\Emma\\Desktop\\ProgettoSWE\\jawadruids\\proof_of_concept\\webapp\\vue-js-client-crud\\src\\router.js","statementMap":{"0":{"start":{"line":8,"column":0},"end":{"line":8,"column":16}}},"fnMap":{},"branchMap":{},"s":{"0":1},"f":{},"b":{},"_coverageSchema":"43e27e138ebf9cfc5966b082cf9a028302ed4184","hash":"c6d16e38f36b677d1ead4550ae245a98fb197796"}
,"C:\\Users\\Emma\\Desktop\\ProgettoSWE\\jawadruids\\proof_of_concept\\webapp\\vue-js-client-crud\\src\\components\\Vue2LeafletHeatmap.vue": {"path":"C:\\Users\\Emma\\Desktop\\ProgettoSWE\\jawadruids\\proof_of_concept\\webapp\\vue-js-client-crud\\src\\components\\Vue2LeafletHeatmap.vue","statementMap":{"0":{"start":{"line":19,"column":0},"end":{"line":19,"column":null}},"1":{"start":{"line":20,"column":0},"end":{"line":20,"column":null}},"2":{"start":{"line":21,"column":0},"end":{"line":21,"column":null}},"3":{"start":{"line":17,"column":0},"end":{"line":17,"column":null}},"4":{"start":{"line":23,"column":0},"end":{"line":23,"column":null}},"5":{"start":{"line":26,"column":0},"end":{"line":26,"column":null}},"6":{"start":{"line":61,"column":0},"end":{"line":61,"column":null}},"7":{"start":{"line":69,"column":0},"end":{"line":69,"column":null}},"8":{"start":{"line":74,"column":0},"end":{"line":74,"column":null}},"9":{"start":{"line":75,"column":0},"end":{"line":77,"column":null}},"10":{"start":{"line":76,"column":0},"end":{"line":76,"column":null}},"11":{"start":{"line":78,"column":0},"end":{"line":80,"column":null}},"12":{"start":{"line":79,"column":0},"end":{"line":79,"column":null}},"13":{"start":{"line":81,"column":0},"end":{"line":83,"column":null}},"14":{"start":{"line":82,"column":0},"end":{"line":82,"column":null}},"15":{"start":{"line":84,"column":0},"end":{"line":86,"column":null}},"16":{"start":{"line":85,"column":0},"end":{"line":85,"column":null}},"17":{"start":{"line":87,"column":0},"end":{"line":89,"column":null}},"18":{"start":{"line":88,"column":0},"end":{"line":88,"column":null}},"19":{"start":{"line":90,"column":0},"end":{"line":90,"column":null}},"20":{"start":{"line":91,"column":0},"end":{"line":91,"column":null}},"21":{"start":{"line":92,"column":0},"end":{"line":92,"column":null}},"22":{"start":{"line":93,"column":0},"end":{"line":93,"column":null}},"23":{"start":{"line":94,"column":0},"end":{"line":94,"column":null}},"24":{"start":{"line":95,"column":0},"end":{"line":95,"column":null}},"25":{"start":{"line":98,"column":0},"end":{"line":98,"column":null}},"26":{"start":{"line":102,"column":0},"end":{"line":102,"column":null}},"27":{"start":{"line":105,"column":0},"end":{"line":105,"column":null}},"28":{"start":{"line":108,"column":0},"end":{"line":108,"column":null}},"29":{"start":{"line":111,"column":0},"end":{"line":111,"column":null}},"30":{"start":{"line":114,"column":0},"end":{"line":114,"column":null}},"31":{"start":{"line":117,"column":0},"end":{"line":117,"column":null}},"32":{"start":{"line":120,"column":0},"end":{"line":120,"column":null}},"33":{"start":{"line":121,"column":0},"end":{"line":125,"column":null}},"34":{"start":{"line":122,"column":0},"end":{"line":122,"column":null}},"35":{"start":{"line":124,"column":0},"end":{"line":124,"column":null}},"36":{"start":{"line":128,"column":0},"end":{"line":128,"column":null}},"37":{"start":{"line":131,"column":0},"end":{"line":131,"column":null}},"38":{"start":{"line":132,"column":0},"end":{"line":134,"column":null}},"39":{"start":{"line":133,"column":0},"end":{"line":133,"column":null}},"40":{"start":{"line":135,"column":0},"end":{"line":137,"column":null}},"41":{"start":{"line":136,"column":0},"end":{"line":136,"column":null}},"42":{"start":{"line":138,"column":0},"end":{"line":140,"column":null}},"43":{"start":{"line":139,"column":0},"end":{"line":139,"column":null}},"44":{"start":{"line":141,"column":0},"end":{"line":143,"column":null}},"45":{"start":{"line":142,"column":0},"end":{"line":142,"column":null}},"46":{"start":{"line":144,"column":0},"end":{"line":146,"column":null}},"47":{"start":{"line":145,"column":0},"end":{"line":145,"column":null}},"48":{"start":{"line":147,"column":0},"end":{"line":147,"column":null}},"49":{"start":{"line":148,"column":0},"end":{"line":148,"column":null}},"50":{"start":{"line":149,"column":0},"end":{"line":149,"column":null}},"51":{"start":{"line":153,"column":0},"end":{"line":153,"column":null}}},"fnMap":{"0":{"name":"(anonymous_1)","decl":{"start":{"line":26,"column":0},"end":{"line":26,"column":null}},"loc":{"start":{"line":26,"column":0},"end":{"line":26,"column":null}}},"1":{"name":"(anonymous_2)","decl":{"start":{"line":61,"column":0},"end":{"line":61,"column":null}},"loc":{"start":{"line":61,"column":0},"end":{"line":61,"column":null}}},"2":{"name":"(anonymous_3)","decl":{"start":{"line":68,"column":0},"end":{"line":68,"column":null}},"loc":{"start":{"line":68,"column":0},"end":{"line":72,"column":null}}},"3":{"name":"(anonymous_4)","decl":{"start":{"line":73,"column":0},"end":{"line":73,"column":null}},"loc":{"start":{"line":73,"column":0},"end":{"line":96,"column":null}}},"4":{"name":"(anonymous_5)","decl":{"start":{"line":97,"column":0},"end":{"line":97,"column":null}},"loc":{"start":{"line":97,"column":0},"end":{"line":99,"column":null}}},"5":{"name":"(anonymous_6)","decl":{"start":{"line":101,"column":0},"end":{"line":101,"column":null}},"loc":{"start":{"line":101,"column":0},"end":{"line":103,"column":null}}},"6":{"name":"(anonymous_7)","decl":{"start":{"line":104,"column":0},"end":{"line":104,"column":null}},"loc":{"start":{"line":104,"column":0},"end":{"line":106,"column":null}}},"7":{"name":"(anonymous_8)","decl":{"start":{"line":107,"column":0},"end":{"line":107,"column":null}},"loc":{"start":{"line":107,"column":0},"end":{"line":109,"column":null}}},"8":{"name":"(anonymous_9)","decl":{"start":{"line":110,"column":0},"end":{"line":110,"column":null}},"loc":{"start":{"line":110,"column":0},"end":{"line":112,"column":null}}},"9":{"name":"(anonymous_10)","decl":{"start":{"line":113,"column":0},"end":{"line":113,"column":null}},"loc":{"start":{"line":113,"column":0},"end":{"line":115,"column":null}}},"10":{"name":"(anonymous_11)","decl":{"start":{"line":116,"column":0},"end":{"line":116,"column":null}},"loc":{"start":{"line":116,"column":0},"end":{"line":118,"column":null}}},"11":{"name":"(anonymous_12)","decl":{"start":{"line":119,"column":0},"end":{"line":119,"column":null}},"loc":{"start":{"line":119,"column":0},"end":{"line":126,"column":null}}},"12":{"name":"(anonymous_13)","decl":{"start":{"line":127,"column":0},"end":{"line":127,"column":null}},"loc":{"start":{"line":127,"column":0},"end":{"line":129,"column":null}}},"13":{"name":"(anonymous_14)","decl":{"start":{"line":130,"column":0},"end":{"line":130,"column":null}},"loc":{"start":{"line":130,"column":0},"end":{"line":150,"column":null}}},"14":{"name":"(anonymous_15)","decl":{"start":{"line":152,"column":0},"end":{"line":152,"column":null}},"loc":{"start":{"line":152,"column":0},"end":{"line":154,"column":null}}}},"branchMap":{"0":{"loc":{"start":{"line":75,"column":0},"end":{"line":77,"column":null}},"type":"if","locations":[{"start":{"line":75,"column":0},"end":{"line":77,"column":null}},{"start":{"line":75,"column":0},"end":{"line":77,"column":null}}]},"1":{"loc":{"start":{"line":78,"column":0},"end":{"line":80,"column":null}},"type":"if","locations":[{"start":{"line":78,"column":0},"end":{"line":80,"column":null}},{"start":{"line":78,"column":0},"end":{"line":80,"column":null}}]},"2":{"loc":{"start":{"line":81,"column":0},"end":{"line":83,"column":null}},"type":"if","locations":[{"start":{"line":81,"column":0},"end":{"line":83,"column":null}},{"start":{"line":81,"column":0},"end":{"line":83,"column":null}}]},"3":{"loc":{"start":{"line":84,"column":0},"end":{"line":86,"column":null}},"type":"if","locations":[{"start":{"line":84,"column":0},"end":{"line":86,"column":null}},{"start":{"line":84,"column":0},"end":{"line":86,"column":null}}]},"4":{"loc":{"start":{"line":87,"column":0},"end":{"line":89,"column":null}},"type":"if","locations":[{"start":{"line":87,"column":0},"end":{"line":89,"column":null}},{"start":{"line":87,"column":0},"end":{"line":89,"column":null}}]},"5":{"loc":{"start":{"line":120,"column":0},"end":{"line":120,"column":null}},"type":"if","locations":[{"start":{"line":120,"column":0},"end":{"line":120,"column":null}},{"start":{"line":120,"column":0},"end":{"line":120,"column":null}}]},"6":{"loc":{"start":{"line":121,"column":0},"end":{"line":125,"column":null}},"type":"if","locations":[{"start":{"line":121,"column":0},"end":{"line":125,"column":null}},{"start":{"line":121,"column":0},"end":{"line":125,"column":null}}]},"7":{"loc":{"start":{"line":132,"column":0},"end":{"line":134,"column":null}},"type":"if","locations":[{"start":{"line":132,"column":0},"end":{"line":134,"column":null}},{"start":{"line":132,"column":0},"end":{"line":134,"column":null}}]},"8":{"loc":{"start":{"line":135,"column":0},"end":{"line":137,"column":null}},"type":"if","locations":[{"start":{"line":135,"column":0},"end":{"line":137,"column":null}},{"start":{"line":135,"column":0},"end":{"line":137,"column":null}}]},"9":{"loc":{"start":{"line":138,"column":0},"end":{"line":140,"column":null}},"type":"if","locations":[{"start":{"line":138,"column":0},"end":{"line":140,"column":null}},{"start":{"line":138,"column":0},"end":{"line":140,"column":null}}]},"10":{"loc":{"start":{"line":141,"column":0},"end":{"line":143,"column":null}},"type":"if","locations":[{"start":{"line":141,"column":0},"end":{"line":143,"column":null}},{"start":{"line":141,"column":0},"end":{"line":143,"column":null}}]},"11":{"loc":{"start":{"line":144,"column":0},"end":{"line":146,"column":null}},"type":"if","locations":[{"start":{"line":144,"column":0},"end":{"line":146,"column":null}},{"start":{"line":144,"column":0},"end":{"line":146,"column":null}}]}},"s":{"0":2,"1":2,"2":2,"3":2,"4":2,"5":1,"6":3,"7":2,"8":2,"9":2,"10":2,"11":2,"12":2,"13":2,"14":2,"15":2,"16":2,"17":2,"18":2,"19":2,"20":2,"21":2,"22":2,"23":2,"24":2,"25":0,"26":0,"27":0,"28":0,"29":0,"30":0,"31":0,"32":0,"33":0,"34":0,"35":0,"36":0,"37":0,"38":0,"39":0,"40":0,"41":0,"42":0,"43":0,"44":0,"45":0,"46":0,"47":0,"48":0,"49":0,"50":0,"51":2},"f":{"0":1,"1":3,"2":2,"3":2,"4":0,"5":0,"6":0,"7":0,"8":0,"9":0,"10":0,"11":0,"12":0,"13":0,"14":2},"b":{"0":[2,0],"1":[2,0],"2":[2,0],"3":[2,0],"4":[2,0],"5":[0,0],"6":[0,0],"7":[0,0],"8":[0,0],"9":[0,0],"10":[0,0],"11":[0,0]}}
,"C:\\Users\\Emma\\Desktop\\ProgettoSWE\\jawadruids\\proof_of_concept\\webapp\\vue-js-client-crud\\src\\components\\autocompleteSearch.vue": {"path":"C:\\Users\\Emma\\Desktop\\ProgettoSWE\\jawadruids\\proof_of_concept\\webapp\\vue-js-client-crud\\src\\components\\autocompleteSearch.vue","statementMap":{"0":{"start":{"line":38,"column":0},"end":{"line":38,"column":null}},"1":{"start":{"line":41,"column":0},"end":{"line":41,"column":null}},"2":{"start":{"line":42,"column":0},"end":{"line":42,"column":null}},"3":{"start":{"line":43,"column":0},"end":{"line":43,"column":null}},"4":{"start":{"line":44,"column":0},"end":{"line":44,"column":null}},"5":{"start":{"line":45,"column":0},"end":{"line":45,"column":null}},"6":{"start":{"line":54,"column":0},"end":{"line":64,"column":null}},"7":{"start":{"line":56,"column":0},"end":{"line":56,"column":null}},"8":{"start":{"line":57,"column":0},"end":{"line":57,"column":null}},"9":{"start":{"line":58,"column":0},"end":{"line":58,"column":null}},"10":{"start":{"line":59,"column":0},"end":{"line":63,"column":null}},"11":{"start":{"line":60,"column":0},"end":{"line":62,"column":null}},"12":{"start":{"line":61,"column":0},"end":{"line":61,"column":null}},"13":{"start":{"line":68,"column":0},"end":{"line":68,"column":null}},"14":{"start":{"line":69,"column":0},"end":{"line":69,"column":null}},"15":{"start":{"line":70,"column":0},"end":{"line":77,"column":null}},"16":{"start":{"line":71,"column":0},"end":{"line":71,"column":null}},"17":{"start":{"line":72,"column":0},"end":{"line":72,"column":null}},"18":{"start":{"line":73,"column":0},"end":{"line":73,"column":null}},"19":{"start":{"line":74,"column":0},"end":{"line":74,"column":null}},"20":{"start":{"line":75,"column":0},"end":{"line":75,"column":null}},"21":{"start":{"line":76,"column":0},"end":{"line":76,"column":null}},"22":{"start":{"line":80,"column":0},"end":{"line":80,"column":null}},"23":{"start":{"line":84,"column":0},"end":{"line":84,"column":null}}},"fnMap":{"0":{"name":"(anonymous_1)","decl":{"start":{"line":40,"column":0},"end":{"line":40,"column":null}},"loc":{"start":{"line":40,"column":0},"end":{"line":51,"column":null}}},"1":{"name":"(anonymous_2)","decl":{"start":{"line":53,"column":0},"end":{"line":53,"column":null}},"loc":{"start":{"line":53,"column":0},"end":{"line":66,"column":null}}},"2":{"name":"(anonymous_3)","decl":{"start":{"line":54,"column":0},"end":{"line":54,"column":null}},"loc":{"start":{"line":54,"column":0},"end":{"line":64,"column":null}}},"3":{"name":"(anonymous_4)","decl":{"start":{"line":60,"column":0},"end":{"line":60,"column":null}},"loc":{"start":{"line":60,"column":0},"end":{"line":62,"column":null}}},"4":{"name":"(anonymous_5)","decl":{"start":{"line":67,"column":0},"end":{"line":67,"column":null}},"loc":{"start":{"line":67,"column":0},"end":{"line":78,"column":null}}},"5":{"name":"(anonymous_6)","decl":{"start":{"line":70,"column":0},"end":{"line":70,"column":null}},"loc":{"start":{"line":70,"column":0},"end":{"line":77,"column":null}}},"6":{"name":"(anonymous_7)","decl":{"start":{"line":79,"column":0},"end":{"line":79,"column":null}},"loc":{"start":{"line":79,"column":0},"end":{"line":81,"column":null}}},"7":{"name":"(anonymous_8)","decl":{"start":{"line":83,"column":0},"end":{"line":83,"column":null}},"loc":{"start":{"line":83,"column":0},"end":{"line":85,"column":null}}}},"branchMap":{"0":{"loc":{"start":{"line":59,"column":0},"end":{"line":63,"column":null}},"type":"if","locations":[{"start":{"line":59,"column":0},"end":{"line":63,"column":null}},{"start":{"line":59,"column":0},"end":{"line":63,"column":null}}]}},"s":{"0":1,"1":2,"2":2,"3":2,"4":2,"5":2,"6":1,"7":0,"8":0,"9":0,"10":0,"11":0,"12":0,"13":0,"14":0,"15":0,"16":0,"17":0,"18":0,"19":0,"20":0,"21":0,"22":1,"23":2},"f":{"0":2,"1":1,"2":0,"3":0,"4":0,"5":0,"6":1,"7":2},"b":{"0":[0,0]}}
,"C:\\Users\\Emma\\Desktop\\ProgettoSWE\\jawadruids\\proof_of_concept\\webapp\\vue-js-client-crud\\src\\components\\datePicker.vue": {"path":"C:\\Users\\Emma\\Desktop\\ProgettoSWE\\jawadruids\\proof_of_concept\\webapp\\vue-js-client-crud\\src\\components\\datePicker.vue","statementMap":{"0":{"start":{"line":22,"column":0},"end":{"line":22,"column":null}},"1":{"start":{"line":30,"column":0},"end":{"line":30,"column":null}},"2":{"start":{"line":31,"column":0},"end":{"line":31,"column":null}},"3":{"start":{"line":37,"column":0},"end":{"line":37,"column":null}},"4":{"start":{"line":38,"column":0},"end":{"line":38,"column":null}},"5":{"start":{"line":39,"column":0},"end":{"line":39,"column":null}},"6":{"start":{"line":40,"column":0},"end":{"line":40,"column":null}},"7":{"start":{"line":43,"column":0},"end":{"line":43,"column":null}},"8":{"start":{"line":44,"column":0},"end":{"line":46,"column":null}},"9":{"start":{"line":45,"column":0},"end":{"line":45,"column":null}},"10":{"start":{"line":47,"column":0},"end":{"line":47,"column":null}},"11":{"start":{"line":48,"column":0},"end":{"line":48,"column":null}},"12":{"start":{"line":49,"column":0},"end":{"line":49,"column":null}},"13":{"start":{"line":52,"column":0},"end":{"line":52,"column":null}},"14":{"start":{"line":56,"column":0},"end":{"line":56,"column":null}}},"fnMap":{"0":{"name":"(anonymous_1)","decl":{"start":{"line":29,"column":0},"end":{"line":29,"column":null}},"loc":{"start":{"line":29,"column":0},"end":{"line":34,"column":null}}},"1":{"name":"(anonymous_2)","decl":{"start":{"line":36,"column":0},"end":{"line":36,"column":null}},"loc":{"start":{"line":36,"column":0},"end":{"line":41,"column":null}}},"2":{"name":"(anonymous_3)","decl":{"start":{"line":42,"column":0},"end":{"line":42,"column":null}},"loc":{"start":{"line":42,"column":0},"end":{"line":50,"column":null}}},"3":{"name":"(anonymous_4)","decl":{"start":{"line":51,"column":0},"end":{"line":51,"column":null}},"loc":{"start":{"line":51,"column":0},"end":{"line":53,"column":null}}},"4":{"name":"(anonymous_5)","decl":{"start":{"line":55,"column":0},"end":{"line":55,"column":null}},"loc":{"start":{"line":55,"column":0},"end":{"line":57,"column":null}}}},"branchMap":{"0":{"loc":{"start":{"line":44,"column":0},"end":{"line":46,"column":null}},"type":"if","locations":[{"start":{"line":44,"column":0},"end":{"line":46,"column":null}},{"start":{"line":44,"column":0},"end":{"line":46,"column":null}}]}},"s":{"0":1,"1":2,"2":2,"3":0,"4":0,"5":0,"6":0,"7":3,"8":3,"9":0,"10":3,"11":3,"12":3,"13":0,"14":2},"f":{"0":2,"1":0,"2":3,"3":0,"4":2},"b":{"0":[0,3]}}
,"C:\\Users\\Emma\\Desktop\\ProgettoSWE\\jawadruids\\proof_of_concept\\webapp\\vue-js-client-crud\\src\\components\\heatMap.vue": {"path":"C:\\Users\\Emma\\Desktop\\ProgettoSWE\\jawadruids\\proof_of_concept\\webapp\\vue-js-client-crud\\src\\components\\heatMap.vue","statementMap":{"0":{"start":{"line":50,"column":0},"end":{"line":50,"column":null}},"1":{"start":{"line":51,"column":0},"end":{"line":51,"column":null}},"2":{"start":{"line":52,"column":0},"end":{"line":52,"column":null}},"3":{"start":{"line":64,"column":0},"end":{"line":64,"column":null}},"4":{"start":{"line":65,"column":0},"end":{"line":65,"column":null}},"5":{"start":{"line":76,"column":0},"end":{"line":76,"column":null}},"6":{"start":{"line":77,"column":0},"end":{"line":77,"column":null}},"7":{"start":{"line":78,"column":0},"end":{"line":117,"column":null}},"8":{"start":{"line":79,"column":0},"end":{"line":79,"column":null}},"9":{"start":{"line":80,"column":0},"end":{"line":116,"column":null}},"10":{"start":{"line":81,"column":0},"end":{"line":81,"column":null}},"11":{"start":{"line":82,"column":0},"end":{"line":110,"column":null}},"12":{"start":{"line":83,"column":0},"end":{"line":109,"column":null}},"13":{"start":{"line":84,"column":0},"end":{"line":84,"column":null}},"14":{"start":{"line":85,"column":0},"end":{"line":85,"column":null}},"15":{"start":{"line":86,"column":0},"end":{"line":86,"column":null}},"16":{"start":{"line":90,"column":0},"end":{"line":90,"column":null}},"17":{"start":{"line":96,"column":0},"end":{"line":96,"column":null}},"18":{"start":{"line":97,"column":0},"end":{"line":98,"column":null}},"19":{"start":{"line":102,"column":0},"end":{"line":102,"column":null}},"20":{"start":{"line":103,"column":0},"end":{"line":103,"column":null}},"21":{"start":{"line":105,"column":0},"end":{"line":105,"column":null}},"22":{"start":{"line":106,"column":0},"end":{"line":106,"column":null}},"23":{"start":{"line":107,"column":0},"end":{"line":107,"column":null}},"24":{"start":{"line":108,"column":0},"end":{"line":108,"column":null}},"25":{"start":{"line":112,"column":0},"end":{"line":112,"column":null}},"26":{"start":{"line":113,"column":0},"end":{"line":113,"column":null}},"27":{"start":{"line":114,"column":0},"end":{"line":114,"column":null}},"28":{"start":{"line":115,"column":0},"end":{"line":115,"column":null}},"29":{"start":{"line":120,"column":0},"end":{"line":120,"column":null}},"30":{"start":{"line":121,"column":0},"end":{"line":121,"column":null}},"31":{"start":{"line":124,"column":0},"end":{"line":124,"column":null}},"32":{"start":{"line":127,"column":0},"end":{"line":127,"column":null}},"33":{"start":{"line":130,"column":0},"end":{"line":130,"column":null}},"34":{"start":{"line":133,"column":0},"end":{"line":133,"column":null}},"35":{"start":{"line":136,"column":0},"end":{"line":136,"column":null}},"36":{"start":{"line":137,"column":0},"end":{"line":137,"column":null}},"37":{"start":{"line":139,"column":0},"end":{"line":139,"column":null}},"38":{"start":{"line":141,"column":0},"end":{"line":141,"column":null}},"39":{"start":{"line":142,"column":0},"end":{"line":142,"column":null}},"40":{"start":{"line":144,"column":0},"end":{"line":144,"column":null}},"41":{"start":{"line":145,"column":0},"end":{"line":145,"column":null}},"42":{"start":{"line":146,"column":0},"end":{"line":146,"column":null}},"43":{"start":{"line":147,"column":0},"end":{"line":147,"column":null}},"44":{"start":{"line":149,"column":0},"end":{"line":149,"column":null}},"45":{"start":{"line":151,"column":0},"end":{"line":151,"column":null}},"46":{"start":{"line":154,"column":0},"end":{"line":154,"column":null}},"47":{"start":{"line":155,"column":0},"end":{"line":157,"column":null}},"48":{"start":{"line":155,"column":0},"end":{"line":155,"column":null}},"49":{"start":{"line":156,"column":0},"end":{"line":156,"column":null}},"50":{"start":{"line":158,"column":0},"end":{"line":158,"column":null}},"51":{"start":{"line":161,"column":0},"end":{"line":161,"column":null}},"52":{"start":{"line":162,"column":0},"end":{"line":162,"column":null}},"53":{"start":{"line":163,"column":0},"end":{"line":163,"column":null}},"54":{"start":{"line":164,"column":0},"end":{"line":164,"column":null}},"55":{"start":{"line":165,"column":0},"end":{"line":165,"column":null}},"56":{"start":{"line":166,"column":0},"end":{"line":169,"column":null}},"57":{"start":{"line":167,"column":0},"end":{"line":167,"column":null}},"58":{"start":{"line":168,"column":0},"end":{"line":168,"column":null}},"59":{"start":{"line":173,"column":0},"end":{"line":173,"column":null}},"60":{"start":{"line":174,"column":0},"end":{"line":174,"column":null}}},"fnMap":{"0":{"name":"(anonymous_1)","decl":{"start":{"line":63,"column":0},"end":{"line":63,"column":null}},"loc":{"start":{"line":63,"column":0},"end":{"line":73,"column":null}}},"1":{"name":"(anonymous_2)","decl":{"start":{"line":75,"column":0},"end":{"line":75,"column":null}},"loc":{"start":{"line":75,"column":0},"end":{"line":118,"column":null}}},"2":{"name":"(anonymous_3)","decl":{"start":{"line":78,"column":0},"end":{"line":78,"column":null}},"loc":{"start":{"line":78,"column":0},"end":{"line":117,"column":null}}},"3":{"name":"(anonymous_4)","decl":{"start":{"line":82,"column":0},"end":{"line":82,"column":null}},"loc":{"start":{"line":82,"column":0},"end":{"line":110,"column":null}}},"4":{"name":"(anonymous_5)","decl":{"start":{"line":119,"column":0},"end":{"line":119,"column":null}},"loc":{"start":{"line":119,"column":0},"end":{"line":122,"column":null}}},"5":{"name":"(anonymous_6)","decl":{"start":{"line":123,"column":0},"end":{"line":123,"column":null}},"loc":{"start":{"line":123,"column":0},"end":{"line":125,"column":null}}},"6":{"name":"(anonymous_7)","decl":{"start":{"line":126,"column":0},"end":{"line":126,"column":null}},"loc":{"start":{"line":126,"column":0},"end":{"line":128,"column":null}}},"7":{"name":"(anonymous_8)","decl":{"start":{"line":129,"column":0},"end":{"line":129,"column":null}},"loc":{"start":{"line":129,"column":0},"end":{"line":131,"column":null}}},"8":{"name":"(anonymous_9)","decl":{"start":{"line":132,"column":0},"end":{"line":132,"column":null}},"loc":{"start":{"line":132,"column":0},"end":{"line":134,"column":null}}},"9":{"name":"(anonymous_10)","decl":{"start":{"line":135,"column":0},"end":{"line":135,"column":null}},"loc":{"start":{"line":135,"column":0},"end":{"line":152,"column":null}}},"10":{"name":"(anonymous_11)","decl":{"start":{"line":153,"column":0},"end":{"line":153,"column":null}},"loc":{"start":{"line":153,"column":0},"end":{"line":159,"column":null}}},"11":{"name":"(anonymous_12)","decl":{"start":{"line":160,"column":0},"end":{"line":160,"column":null}},"loc":{"start":{"line":160,"column":0},"end":{"line":170,"column":null}}},"12":{"name":"(anonymous_13)","decl":{"start":{"line":168,"column":0},"end":{"line":168,"column":null}},"loc":{"start":{"line":168,"column":0},"end":{"line":168,"column":null}}},"13":{"name":"(anonymous_14)","decl":{"start":{"line":172,"column":0},"end":{"line":172,"column":null}},"loc":{"start":{"line":172,"column":0},"end":{"line":175,"column":null}}}},"branchMap":{"0":{"loc":{"start":{"line":80,"column":0},"end":{"line":116,"column":null}},"type":"if","locations":[{"start":{"line":80,"column":0},"end":{"line":116,"column":null}},{"start":{"line":80,"column":0},"end":{"line":116,"column":null}}]},"1":{"loc":{"start":{"line":83,"column":0},"end":{"line":109,"column":null}},"type":"if","locations":[{"start":{"line":83,"column":0},"end":{"line":109,"column":null}},{"start":{"line":83,"column":0},"end":{"line":109,"column":null}}]},"2":{"loc":{"start":{"line":164,"column":0},"end":{"line":164,"column":null}},"type":"if","locations":[{"start":{"line":164,"column":0},"end":{"line":164,"column":null}},{"start":{"line":164,"column":0},"end":{"line":164,"column":null}}]},"3":{"loc":{"start":{"line":166,"column":0},"end":{"line":169,"column":null}},"type":"if","locations":[{"start":{"line":166,"column":0},"end":{"line":169,"column":null}},{"start":{"line":166,"column":0},"end":{"line":169,"column":null}}]}},"s":{"0":1,"1":1,"2":1,"3":2,"4":2,"5":2,"6":2,"7":2,"8":0,"9":0,"10":0,"11":0,"12":0,"13":0,"14":0,"15":0,"16":0,"17":0,"18":0,"19":0,"20":0,"21":0,"22":0,"23":0,"24":0,"25":0,"26":0,"27":0,"28":0,"29":0,"30":0,"31":0,"32":0,"33":0,"34":0,"35":0,"36":0,"37":0,"38":0,"39":0,"40":0,"41":0,"42":0,"43":0,"44":0,"45":0,"46":0,"47":0,"48":0,"49":0,"50":0,"51":2,"52":1,"53":1,"54":1,"55":1,"56":1,"57":1,"58":1,"59":2,"60":2},"f":{"0":2,"1":2,"2":0,"3":0,"4":0,"5":0,"6":0,"7":0,"8":0,"9":0,"10":0,"11":2,"12":0,"13":2},"b":{"0":[0,0],"1":[0,0],"2":[0,1],"3":[1,0]}}
,"C:\\Users\\Emma\\Desktop\\ProgettoSWE\\jawadruids\\proof_of_concept\\webapp\\vue-js-client-crud\\src\\components\\listCity.vue": {"path":"C:\\Users\\Emma\\Desktop\\ProgettoSWE\\jawadruids\\proof_of_concept\\webapp\\vue-js-client-crud\\src\\components\\listCity.vue","statementMap":{"0":{"start":{"line":17,"column":0},"end":{"line":17,"column":null}},"1":{"start":{"line":21,"column":0},"end":{"line":21,"column":null}},"2":{"start":{"line":22,"column":0},"end":{"line":22,"column":null}},"3":{"start":{"line":23,"column":0},"end":{"line":23,"column":null}},"4":{"start":{"line":24,"column":0},"end":{"line":24,"column":null}},"5":{"start":{"line":25,"column":0},"end":{"line":25,"column":null}},"6":{"start":{"line":34,"column":0},"end":{"line":42,"column":null}},"7":{"start":{"line":36,"column":0},"end":{"line":36,"column":null}},"8":{"start":{"line":37,"column":0},"end":{"line":37,"column":null}},"9":{"start":{"line":38,"column":0},"end":{"line":38,"column":null}},"10":{"start":{"line":39,"column":0},"end":{"line":41,"column":null}},"11":{"start":{"line":40,"column":0},"end":{"line":40,"column":null}},"12":{"start":{"line":46,"column":0},"end":{"line":46,"column":null}},"13":{"start":{"line":47,"column":0},"end":{"line":47,"column":null}},"14":{"start":{"line":48,"column":0},"end":{"line":55,"column":null}},"15":{"start":{"line":49,"column":0},"end":{"line":49,"column":null}},"16":{"start":{"line":50,"column":0},"end":{"line":50,"column":null}},"17":{"start":{"line":51,"column":0},"end":{"line":51,"column":null}},"18":{"start":{"line":52,"column":0},"end":{"line":52,"column":null}},"19":{"start":{"line":53,"column":0},"end":{"line":53,"column":null}},"20":{"start":{"line":54,"column":0},"end":{"line":54,"column":null}},"21":{"start":{"line":58,"column":0},"end":{"line":58,"column":null}},"22":{"start":{"line":62,"column":0},"end":{"line":62,"column":null}},"23":{"start":{"line":65,"column":0},"end":{"line":65,"column":null}}},"fnMap":{"0":{"name":"(anonymous_1)","decl":{"start":{"line":20,"column":0},"end":{"line":20,"column":null}},"loc":{"start":{"line":20,"column":0},"end":{"line":31,"column":null}}},"1":{"name":"(anonymous_2)","decl":{"start":{"line":33,"column":0},"end":{"line":33,"column":null}},"loc":{"start":{"line":33,"column":0},"end":{"line":44,"column":null}}},"2":{"name":"(anonymous_3)","decl":{"start":{"line":34,"column":0},"end":{"line":34,"column":null}},"loc":{"start":{"line":34,"column":0},"end":{"line":42,"column":null}}},"3":{"name":"(anonymous_4)","decl":{"start":{"line":39,"column":0},"end":{"line":39,"column":null}},"loc":{"start":{"line":39,"column":0},"end":{"line":41,"column":null}}},"4":{"name":"(anonymous_5)","decl":{"start":{"line":45,"column":0},"end":{"line":45,"column":null}},"loc":{"start":{"line":45,"column":0},"end":{"line":56,"column":null}}},"5":{"name":"(anonymous_6)","decl":{"start":{"line":48,"column":0},"end":{"line":48,"column":null}},"loc":{"start":{"line":48,"column":0},"end":{"line":55,"column":null}}},"6":{"name":"(anonymous_7)","decl":{"start":{"line":57,"column":0},"end":{"line":57,"column":null}},"loc":{"start":{"line":57,"column":0},"end":{"line":59,"column":null}}},"7":{"name":"(anonymous_8)","decl":{"start":{"line":61,"column":0},"end":{"line":61,"column":null}},"loc":{"start":{"line":61,"column":0},"end":{"line":63,"column":null}}},"8":{"name":"(anonymous_9)","decl":{"start":{"line":64,"column":0},"end":{"line":64,"column":null}},"loc":{"start":{"line":64,"column":0},"end":{"line":66,"column":null}}}},"branchMap":{},"s":{"0":1,"1":2,"2":2,"3":2,"4":2,"5":2,"6":2,"7":0,"8":0,"9":0,"10":0,"11":0,"12":0,"13":0,"14":0,"15":0,"16":0,"17":0,"18":0,"19":0,"20":0,"21":1,"22":2,"23":2},"f":{"0":2,"1":2,"2":0,"3":0,"4":0,"5":0,"6":1,"7":2,"8":2},"b":{}}
,"C:\\Users\\Emma\\Desktop\\ProgettoSWE\\jawadruids\\proof_of_concept\\webapp\\vue-js-client-crud\\src\\components\\mainPage.vue": {"path":"C:\\Users\\Emma\\Desktop\\ProgettoSWE\\jawadruids\\proof_of_concept\\webapp\\vue-js-client-crud\\src\\components\\mainPage.vue","statementMap":{"0":{"start":{"line":36,"column":0},"end":{"line":36,"column":null}},"1":{"start":{"line":37,"column":0},"end":{"line":37,"column":null}},"2":{"start":{"line":38,"column":0},"end":{"line":38,"column":null}},"3":{"start":{"line":39,"column":0},"end":{"line":39,"column":null}},"4":{"start":{"line":52,"column":0},"end":{"line":52,"column":null}},"5":{"start":{"line":53,"column":0},"end":{"line":53,"column":null}},"6":{"start":{"line":54,"column":0},"end":{"line":54,"column":null}},"7":{"start":{"line":55,"column":0},"end":{"line":55,"column":null}},"8":{"start":{"line":59,"column":0},"end":{"line":59,"column":null}}},"fnMap":{"0":{"name":"(anonymous_1)","decl":{"start":{"line":51,"column":0},"end":{"line":51,"column":null}},"loc":{"start":{"line":51,"column":0},"end":{"line":56,"column":null}}},"1":{"name":"(anonymous_2)","decl":{"start":{"line":58,"column":0},"end":{"line":58,"column":null}},"loc":{"start":{"line":58,"column":0},"end":{"line":60,"column":null}}}},"branchMap":{},"s":{"0":1,"1":1,"2":1,"3":1,"4":1,"5":0,"6":0,"7":0,"8":2},"f":{"0":1,"1":2},"b":{}}
,"C:\\Users\\Emma\\Desktop\\ProgettoSWE\\jawadruids\\proof_of_concept\\webapp\\vue-js-client-crud\\src\\components\\slider.vue": {"path":"C:\\Users\\Emma\\Desktop\\ProgettoSWE\\jawadruids\\proof_of_concept\\webapp\\vue-js-client-crud\\src\\components\\slider.vue","statementMap":{"0":{"start":{"line":16,"column":0},"end":{"line":16,"column":null}},"1":{"start":{"line":18,"column":0},"end":{"line":18,"column":null}},"2":{"start":{"line":19,"column":0},"end":{"line":19,"column":null}},"3":{"start":{"line":27,"column":0},"end":{"line":27,"column":null}},"4":{"start":{"line":136,"column":0},"end":{"line":140,"column":null}},"5":{"start":{"line":137,"column":0},"end":{"line":137,"column":null}},"6":{"start":{"line":139,"column":0},"end":{"line":139,"column":null}},"7":{"start":{"line":141,"column":0},"end":{"line":141,"column":null}},"8":{"start":{"line":142,"column":0},"end":{"line":142,"column":null}},"9":{"start":{"line":143,"column":0},"end":{"line":143,"column":null}},"10":{"start":{"line":146,"column":0},"end":{"line":146,"column":null}},"11":{"start":{"line":147,"column":0},"end":{"line":147,"column":null}},"12":{"start":{"line":148,"column":0},"end":{"line":148,"column":null}},"13":{"start":{"line":149,"column":0},"end":{"line":149,"column":null}},"14":{"start":{"line":150,"column":0},"end":{"line":150,"column":null}},"15":{"start":{"line":151,"column":0},"end":{"line":151,"column":null}},"16":{"start":{"line":154,"column":0},"end":{"line":154,"column":null}},"17":{"start":{"line":157,"column":0},"end":{"line":157,"column":null}},"18":{"start":{"line":158,"column":0},"end":{"line":158,"column":null}},"19":{"start":{"line":159,"column":0},"end":{"line":159,"column":null}},"20":{"start":{"line":160,"column":0},"end":{"line":160,"column":null}},"21":{"start":{"line":161,"column":0},"end":{"line":161,"column":null}},"22":{"start":{"line":162,"column":0},"end":{"line":162,"column":null}},"23":{"start":{"line":163,"column":0},"end":{"line":173,"column":null}},"24":{"start":{"line":168,"column":0},"end":{"line":168,"column":null}},"25":{"start":{"line":169,"column":0},"end":{"line":169,"column":null}},"26":{"start":{"line":170,"column":0},"end":{"line":170,"column":null}},"27":{"start":{"line":172,"column":0},"end":{"line":172,"column":null}},"28":{"start":{"line":177,"column":0},"end":{"line":177,"column":null}},"29":{"start":{"line":178,"column":0},"end":{"line":178,"column":null}},"30":{"start":{"line":180,"column":0},"end":{"line":180,"column":null}},"31":{"start":{"line":181,"column":0},"end":{"line":181,"column":null}}},"fnMap":{"0":{"name":"(anonymous_1)","decl":{"start":{"line":26,"column":0},"end":{"line":26,"column":null}},"loc":{"start":{"line":26,"column":0},"end":{"line":133,"column":null}}},"1":{"name":"(anonymous_2)","decl":{"start":{"line":135,"column":0},"end":{"line":135,"column":null}},"loc":{"start":{"line":135,"column":0},"end":{"line":144,"column":null}}},"2":{"name":"(anonymous_3)","decl":{"start":{"line":145,"column":0},"end":{"line":145,"column":null}},"loc":{"start":{"line":145,"column":0},"end":{"line":152,"column":null}}},"3":{"name":"(anonymous_4)","decl":{"start":{"line":153,"column":0},"end":{"line":153,"column":null}},"loc":{"start":{"line":153,"column":0},"end":{"line":155,"column":null}}},"4":{"name":"(anonymous_5)","decl":{"start":{"line":156,"column":0},"end":{"line":156,"column":null}},"loc":{"start":{"line":156,"column":0},"end":{"line":174,"column":null}}},"5":{"name":"(anonymous_6)","decl":{"start":{"line":170,"column":0},"end":{"line":170,"column":null}},"loc":{"start":{"line":170,"column":0},"end":{"line":170,"column":null}}},"6":{"name":"(anonymous_7)","decl":{"start":{"line":172,"column":0},"end":{"line":172,"column":null}},"loc":{"start":{"line":172,"column":0},"end":{"line":172,"column":null}}},"7":{"name":"(anonymous_8)","decl":{"start":{"line":176,"column":0},"end":{"line":176,"column":null}},"loc":{"start":{"line":176,"column":0},"end":{"line":182,"column":null}}}},"branchMap":{"0":{"loc":{"start":{"line":136,"column":0},"end":{"line":140,"column":null}},"type":"if","locations":[{"start":{"line":136,"column":0},"end":{"line":140,"column":null}},{"start":{"line":136,"column":0},"end":{"line":140,"column":null}}]},"1":{"loc":{"start":{"line":159,"column":0},"end":{"line":159,"column":null}},"type":"if","locations":[{"start":{"line":159,"column":0},"end":{"line":159,"column":null}},{"start":{"line":159,"column":0},"end":{"line":159,"column":null}}]},"2":{"loc":{"start":{"line":163,"column":0},"end":{"line":173,"column":null}},"type":"if","locations":[{"start":{"line":163,"column":0},"end":{"line":173,"column":null}},{"start":{"line":163,"column":0},"end":{"line":173,"column":null}}]},"3":{"loc":{"start":{"line":163,"column":0},"end":{"line":163,"column":null}},"type":"binary-expr","locations":[{"start":{"line":163,"column":0},"end":{"line":163,"column":null}},{"start":{"line":163,"column":0},"end":{"line":163,"column":null}},{"start":{"line":163,"column":0},"end":{"line":163,"column":null}}]},"4":{"loc":{"start":{"line":178,"column":0},"end":{"line":178,"column":null}},"type":"if","locations":[{"start":{"line":178,"column":0},"end":{"line":178,"column":null}},{"start":{"line":178,"column":0},"end":{"line":178,"column":null}}]}},"s":{"0":1,"1":1,"2":1,"3":2,"4":1,"5":0,"6":1,"7":1,"8":1,"9":1,"10":0,"11":0,"12":0,"13":0,"14":0,"15":0,"16":5,"17":2,"18":2,"19":2,"20":2,"21":1,"22":1,"23":1,"24":0,"25":0,"26":0,"27":1,"28":2,"29":2,"30":2,"31":2},"f":{"0":2,"1":1,"2":0,"3":5,"4":2,"5":0,"6":0,"7":2},"b":{"0":[0,1],"1":[0,2],"2":[0,1],"3":[1,0,0],"4":[0,2]}}
,"C:\\Users\\Emma\\Desktop\\ProgettoSWE\\jawadruids\\proof_of_concept\\webapp\\vue-js-client-crud\\src\\services\\htpprequest.js": {"path":"C:\\Users\\Emma\\Desktop\\ProgettoSWE\\jawadruids\\proof_of_concept\\webapp\\vue-js-client-crud\\src\\services\\htpprequest.js","statementMap":{"0":{"start":{"line":6,"column":4},"end":{"line":6,"column":29}},"1":{"start":{"line":9,"column":4},"end":{"line":9,"column":36}},"2":{"start":{"line":12,"column":4},"end":{"line":12,"column":43}},"3":{"start":{"line":15,"column":4},"end":{"line":15,"column":35}}},"fnMap":{"0":{"name":"(anonymous_0)","decl":{"start":{"line":5,"column":2},"end":{"line":5,"column":3}},"loc":{"start":{"line":5,"column":14},"end":{"line":7,"column":3}},"line":5},"1":{"name":"(anonymous_1)","decl":{"start":{"line":8,"column":2},"end":{"line":8,"column":3}},"loc":{"start":{"line":8,"column":15},"end":{"line":10,"column":3}},"line":8},"2":{"name":"(anonymous_2)","decl":{"start":{"line":11,"column":2},"end":{"line":11,"column":3}},"loc":{"start":{"line":11,"column":24},"end":{"line":13,"column":3}},"line":11},"3":{"name":"(anonymous_3)","decl":{"start":{"line":14,"column":2},"end":{"line":14,"column":3}},"loc":{"start":{"line":14,"column":21},"end":{"line":16,"column":3}},"line":14}},"branchMap":{},"s":{"0":3,"1":0,"2":0,"3":2},"f":{"0":3,"1":0,"2":0,"3":2},"b":{},"_coverageSchema":"43e27e138ebf9cfc5966b082cf9a028302ed4184","hash":"04ce698939b6d98f462283d78028ab4d3c2c9794"}
}
