TN:
SF:C:\Users\margh\Desktop\PROGETTO\jawadruids\proof_of_concept\webapp\vue-js-client-crud\src\App.vue
FNF:0
FNH:0
DA:63,1
DA:64,1
LF:2
LH:2
BRF:0
BRH:0
end_of_record
TN:
SF:C:\Users\margh\Desktop\PROGETTO\jawadruids\proof_of_concept\webapp\vue-js-client-crud\src\http-common.js
FNF:0
FNH:0
LF:0
LH:0
BRF:0
BRH:0
end_of_record
TN:
SF:C:\Users\margh\Desktop\PROGETTO\jawadruids\proof_of_concept\webapp\vue-js-client-crud\src\router.js
FNF:0
FNH:0
DA:8,1
LF:1
LH:1
BRF:0
BRH:0
end_of_record
TN:
SF:C:\Users\margh\Desktop\PROGETTO\jawadruids\proof_of_concept\webapp\vue-js-client-crud\src\components\autocompleteSearch.vue
FN:40,(anonymous_1)
FN:53,(anonymous_2)
FN:54,(anonymous_3)
FN:60,(anonymous_4)
FN:67,(anonymous_5)
FN:70,(anonymous_6)
FN:79,(anonymous_7)
FN:83,(anonymous_8)
FNF:8
FNH:4
FNDA:2,(anonymous_1)
FNDA:1,(anonymous_2)
FNDA:0,(anonymous_3)
FNDA:0,(anonymous_4)
FNDA:0,(anonymous_5)
FNDA:0,(anonymous_6)
FNDA:1,(anonymous_7)
FNDA:2,(anonymous_8)
DA:38,1
DA:41,2
DA:42,2
DA:43,2
DA:44,2
DA:45,2
DA:54,1
DA:56,0
DA:57,0
DA:58,0
DA:59,0
DA:60,0
DA:61,0
DA:68,0
DA:69,0
DA:70,0
DA:71,0
DA:72,0
DA:73,0
DA:74,0
DA:75,0
DA:76,0
DA:80,1
DA:84,2
LF:24
LH:9
BRDA:59,0,0,0
BRDA:59,0,1,0
BRF:2
BRH:0
end_of_record
TN:
SF:C:\Users\margh\Desktop\PROGETTO\jawadruids\proof_of_concept\webapp\vue-js-client-crud\src\components\datePicker.vue
FN:29,(anonymous_1)
FN:36,(anonymous_2)
FN:42,(anonymous_3)
FN:51,(anonymous_4)
FN:55,(anonymous_5)
FNF:5
FNH:3
FNDA:3,(anonymous_1)
FNDA:0,(anonymous_2)
FNDA:6,(anonymous_3)
FNDA:0,(anonymous_4)
FNDA:3,(anonymous_5)
DA:22,1
DA:30,3
DA:31,3
DA:37,0
DA:38,0
DA:39,0
DA:40,0
DA:43,6
DA:44,6
DA:45,0
DA:47,6
DA:48,6
DA:49,6
DA:52,0
DA:56,3
LF:15
LH:9
BRDA:44,0,0,0
BRDA:44,0,1,6
BRF:2
BRH:1
end_of_record
TN:
SF:C:\Users\margh\Desktop\PROGETTO\jawadruids\proof_of_concept\webapp\vue-js-client-crud\src\components\heatMap.vue
FN:63,(anonymous_1)
FN:75,(anonymous_2)
FN:78,(anonymous_3)
FN:82,(anonymous_4)
FN:119,(anonymous_5)
FN:123,(anonymous_6)
FN:126,(anonymous_7)
FN:129,(anonymous_8)
FN:132,(anonymous_9)
FN:135,(anonymous_10)
FN:153,(anonymous_11)
FN:160,(anonymous_12)
FN:168,(anonymous_13)
FN:172,(anonymous_14)
FNF:14
FNH:4
FNDA:3,(anonymous_1)
FNDA:4,(anonymous_2)
FNDA:0,(anonymous_3)
FNDA:0,(anonymous_4)
FNDA:0,(anonymous_5)
FNDA:0,(anonymous_6)
FNDA:0,(anonymous_7)
FNDA:0,(anonymous_8)
FNDA:0,(anonymous_9)
FNDA:0,(anonymous_10)
FNDA:0,(anonymous_11)
FNDA:3,(anonymous_12)
FNDA:0,(anonymous_13)
FNDA:3,(anonymous_14)
DA:50,1
DA:51,1
DA:52,1
DA:64,3
DA:65,3
DA:76,4
DA:77,3
DA:78,3
DA:79,0
DA:80,0
DA:81,0
DA:82,0
DA:83,0
DA:84,0
DA:85,0
DA:86,0
DA:90,0
DA:96,0
DA:97,0
DA:102,0
DA:103,0
DA:105,0
DA:106,0
DA:107,0
DA:108,0
DA:112,0
DA:113,0
DA:114,0
DA:115,0
DA:120,0
DA:121,0
DA:124,0
DA:127,0
DA:130,0
DA:133,0
DA:136,0
DA:137,0
DA:139,0
DA:141,0
DA:142,0
DA:144,0
DA:145,0
DA:146,0
DA:147,0
DA:149,0
DA:151,0
DA:154,0
DA:155,0
DA:156,0
DA:158,0
DA:161,3
DA:162,2
DA:163,2
DA:164,2
DA:165,2
DA:166,2
DA:167,2
DA:168,1
DA:173,3
DA:174,3
LF:60
LH:18
BRDA:80,0,0,0
BRDA:80,0,1,0
BRDA:83,1,0,0
BRDA:83,1,1,0
BRDA:164,2,0,0
BRDA:164,2,1,2
BRDA:166,3,0,2
BRDA:166,3,1,0
BRF:8
BRH:2
end_of_record
TN:
SF:C:\Users\margh\Desktop\PROGETTO\jawadruids\proof_of_concept\webapp\vue-js-client-crud\src\components\listCity.vue
FN:20,(anonymous_1)
FN:33,(anonymous_2)
FN:34,(anonymous_3)
FN:39,(anonymous_4)
FN:45,(anonymous_5)
FN:48,(anonymous_6)
FN:57,(anonymous_7)
FN:61,(anonymous_8)
FN:64,(anonymous_9)
FNF:9
FNH:5
FNDA:3,(anonymous_1)
FNDA:3,(anonymous_2)
FNDA:0,(anonymous_3)
FNDA:0,(anonymous_4)
FNDA:0,(anonymous_5)
FNDA:0,(anonymous_6)
FNDA:2,(anonymous_7)
FNDA:3,(anonymous_8)
FNDA:3,(anonymous_9)
DA:17,1
DA:21,3
DA:22,3
DA:23,3
DA:24,3
DA:25,3
DA:34,3
DA:36,0
DA:37,0
DA:38,0
DA:39,0
DA:40,0
DA:46,0
DA:47,0
DA:48,0
DA:49,0
DA:50,0
DA:51,0
DA:52,0
DA:53,0
DA:54,0
DA:58,2
DA:62,3
DA:65,3
LF:24
LH:10
BRF:0
BRH:0
end_of_record
TN:
SF:C:\Users\margh\Desktop\PROGETTO\jawadruids\proof_of_concept\webapp\vue-js-client-crud\src\components\mainPage.vue
FN:51,(anonymous_1)
FN:58,(anonymous_2)
FNF:2
FNH:1
FNDA:0,(anonymous_1)
FNDA:2,(anonymous_2)
DA:36,1
DA:37,1
DA:38,1
DA:39,1
DA:52,0
DA:53,0
DA:54,0
DA:55,0
DA:59,2
LF:9
LH:5
BRF:0
BRH:0
end_of_record
TN:
SF:C:\Users\margh\Desktop\PROGETTO\jawadruids\proof_of_concept\webapp\vue-js-client-crud\src\components\slider.vue
FN:26,(anonymous_1)
FN:135,(anonymous_2)
FN:145,(anonymous_3)
FN:153,(anonymous_4)
FN:156,(anonymous_5)
FN:170,(anonymous_6)
FN:172,(anonymous_7)
FN:176,(anonymous_8)
FNF:8
FNH:5
FNDA:3,(anonymous_1)
FNDA:3,(anonymous_2)
FNDA:0,(anonymous_3)
FNDA:9,(anonymous_4)
FNDA:3,(anonymous_5)
FNDA:0,(anonymous_6)
FNDA:0,(anonymous_7)
FNDA:3,(anonymous_8)
DA:16,1
DA:18,1
DA:19,1
DA:27,3
DA:136,3
DA:137,2
DA:139,1
DA:141,3
DA:142,3
DA:143,2
DA:146,0
DA:147,0
DA:148,0
DA:149,0
DA:150,0
DA:151,0
DA:154,9
DA:157,3
DA:158,3
DA:159,3
DA:160,3
DA:161,2
DA:162,2
DA:163,2
DA:168,0
DA:169,0
DA:170,0
DA:172,2
DA:177,3
DA:178,3
DA:180,3
DA:181,3
LF:32
LH:23
BRDA:136,0,0,2
BRDA:136,0,1,1
BRDA:159,1,0,0
BRDA:159,1,1,3
BRDA:163,2,0,0
BRDA:163,2,1,2
BRDA:163,3,0,2
BRDA:163,3,1,0
BRDA:163,3,2,0
BRDA:178,4,0,0
BRDA:178,4,1,3
BRF:11
BRH:6
end_of_record
TN:
SF:C:\Users\margh\Desktop\PROGETTO\jawadruids\proof_of_concept\webapp\vue-js-client-crud\src\components\vue2LeafletHeatmap.vue
FN:26,(anonymous_1)
FN:61,(anonymous_2)
FN:68,(anonymous_3)
FN:73,(anonymous_4)
FN:97,(anonymous_5)
FN:101,(anonymous_6)
FN:104,(anonymous_7)
FN:107,(anonymous_8)
FN:110,(anonymous_9)
FN:113,(anonymous_10)
FN:116,(anonymous_11)
FN:119,(anonymous_12)
FN:127,(anonymous_13)
FN:130,(anonymous_14)
FN:152,(anonymous_15)
FNF:15
FNH:5
FNDA:1,(anonymous_1)
FNDA:4,(anonymous_2)
FNDA:4,(anonymous_3)
FNDA:4,(anonymous_4)
FNDA:0,(anonymous_5)
FNDA:0,(anonymous_6)
FNDA:0,(anonymous_7)
FNDA:0,(anonymous_8)
FNDA:0,(anonymous_9)
FNDA:0,(anonymous_10)
FNDA:0,(anonymous_11)
FNDA:0,(anonymous_12)
FNDA:0,(anonymous_13)
FNDA:0,(anonymous_14)
FNDA:4,(anonymous_15)
DA:17,1
DA:19,1
DA:20,1
DA:21,1
DA:23,1
DA:26,1
DA:61,4
DA:69,4
DA:74,4
DA:75,4
DA:76,4
DA:78,4
DA:79,4
DA:81,4
DA:82,4
DA:84,4
DA:85,4
DA:87,4
DA:88,4
DA:90,4
DA:91,4
DA:92,4
DA:93,4
DA:94,4
DA:95,4
DA:98,0
DA:102,0
DA:105,0
DA:108,0
DA:111,0
DA:114,0
DA:117,0
DA:120,0
DA:121,0
DA:122,0
DA:124,0
DA:128,0
DA:131,0
DA:132,0
DA:133,0
DA:135,0
DA:136,0
DA:138,0
DA:139,0
DA:141,0
DA:142,0
DA:144,0
DA:145,0
DA:147,0
DA:148,0
DA:149,0
DA:153,4
LF:52
LH:26
BRDA:75,0,0,4
BRDA:75,0,1,0
BRDA:78,1,0,4
BRDA:78,1,1,0
BRDA:81,2,0,4
BRDA:81,2,1,0
BRDA:84,3,0,4
BRDA:84,3,1,0
BRDA:87,4,0,4
BRDA:87,4,1,0
BRDA:120,5,0,0
BRDA:120,5,1,0
BRDA:121,6,0,0
BRDA:121,6,1,0
BRDA:132,7,0,0
BRDA:132,7,1,0
BRDA:135,8,0,0
BRDA:135,8,1,0
BRDA:138,9,0,0
BRDA:138,9,1,0
BRDA:141,10,0,0
BRDA:141,10,1,0
BRDA:144,11,0,0
BRDA:144,11,1,0
BRF:24
BRH:5
end_of_record
TN:
SF:C:\Users\margh\Desktop\PROGETTO\jawadruids\proof_of_concept\webapp\vue-js-client-crud\src\services\htpprequest.js
FN:5,(anonymous_0)
FN:8,(anonymous_1)
FN:11,(anonymous_2)
FN:14,(anonymous_3)
FNF:4
FNH:2
FNDA:4,(anonymous_0)
FNDA:0,(anonymous_1)
FNDA:0,(anonymous_2)
FNDA:3,(anonymous_3)
DA:6,4
DA:9,0
DA:12,0
DA:15,3
LF:4
LH:2
BRF:0
BRH:0
end_of_record
