TN:
SF:C:\Users\margh\Desktop\PROGETTO\jawadruids\proof_of_concept\webapp\vue-js-client-crud\src\http-common.js
FNF:0
FNH:0
LF:0
LH:0
BRF:0
BRH:0
end_of_record
TN:
SF:C:\Users\margh\Desktop\PROGETTO\jawadruids\proof_of_concept\webapp\vue-js-client-crud\src\components\autocompleteSearch.vue
FN:40,(anonymous_1)
FN:53,(anonymous_2)
FN:54,(anonymous_3)
FN:60,(anonymous_4)
FN:67,(anonymous_5)
FN:70,(anonymous_6)
FN:79,(anonymous_7)
FN:83,(anonymous_8)
FNF:8
FNH:2
FNDA:1,(anonymous_1)
FNDA:0,(anonymous_2)
FNDA:0,(anonymous_3)
FNDA:0,(anonymous_4)
FNDA:0,(anonymous_5)
FNDA:0,(anonymous_6)
FNDA:0,(anonymous_7)
FNDA:1,(anonymous_8)
DA:38,1
DA:41,1
DA:42,1
DA:43,1
DA:44,1
DA:45,1
DA:54,0
DA:56,0
DA:57,0
DA:58,0
DA:59,0
DA:60,0
DA:61,0
DA:68,0
DA:69,0
DA:70,0
DA:71,0
DA:72,0
DA:73,0
DA:74,0
DA:75,0
DA:76,0
DA:80,0
DA:84,1
LF:24
LH:7
BRDA:59,0,0,0
BRDA:59,0,1,0
BRF:2
BRH:0
end_of_record
TN:
SF:C:\Users\margh\Desktop\PROGETTO\jawadruids\proof_of_concept\webapp\vue-js-client-crud\src\services\htpprequest.js
FN:4,(anonymous_0)
FN:7,(anonymous_1)
FN:10,(anonymous_2)
FN:13,(anonymous_3)
FNF:4
FNH:0
FNDA:0,(anonymous_0)
FNDA:0,(anonymous_1)
FNDA:0,(anonymous_2)
FNDA:0,(anonymous_3)
DA:5,0
DA:8,0
DA:11,0
DA:14,0
LF:4
LH:0
BRF:0
BRH:0
end_of_record
